{"level":"error","message":"Failed to connect to the Mongo database! connect ECONNREFUSED 127.0.0.1:27017","reason":{"compatible":true,"heartbeatFrequencyMS":10000,"localThresholdMS":15,"servers":{},"stale":false,"type":"Unknown"},"stack":"MongoServerSelectionError: connect ECONNREFUSED 127.0.0.1:27017\n    at Timeout._onTimeout (/Users/wesp/code/go/src/github.com/wrporter/games/remix/node_modules/mongodb/src/sdam/topology.ts:606:30)\n    at listOnTimeout (node:internal/timers:557:17)\n    at processTimers (node:internal/timers:500:7)","timestamp":"2022-04-23T03:33:19.209Z"}
{"level":"error","message":"Failed to connect to the Mongo database! connect ECONNREFUSED 127.0.0.1:27017","reason":{"compatible":true,"heartbeatFrequencyMS":10000,"localThresholdMS":15,"servers":{},"stale":false,"type":"Unknown"},"stack":"MongoServerSelectionError: connect ECONNREFUSED 127.0.0.1:27017\n    at Timeout._onTimeout (/Users/wesp/code/go/src/github.com/wrporter/games/remix/node_modules/mongodb/src/sdam/topology.ts:606:30)\n    at listOnTimeout (node:internal/timers:557:17)\n    at processTimers (node:internal/timers:500:7)","timestamp":"2022-04-23T03:35:11.230Z"}
{"level":"info","message":"Successfully connected to the Mongo database!","timestamp":"2022-04-23T03:37:03.954Z"}
{"level":"info","message":"✅ Express server listening on port 3000","timestamp":"2022-04-23T03:43:05.210Z"}
{"level":"info","message":"Successfully connected to the Mongo database!","timestamp":"2022-04-23T03:43:05.224Z"}
{"level":"info","message":"Example log with transaction context","requestId":"a7f178c5-5ab2-4391-b838-76c703313cda","timestamp":"2022-04-23T03:43:43.349Z","transactionId":"5440756b-049c-46b9-8014-9350f589fef0"}
{"level":"info","message":"Example log with transaction context","requestId":"d023c253-cde1-458d-9274-368dbaba90a3","timestamp":"2022-04-23T03:45:11.908Z","transactionId":"c50566ea-b94c-43e3-a1f9-302d545ba00b"}
{"level":"info","message":"Example log with transaction context","requestId":"71c53816-2f91-4137-b79d-efc86dbc2d2f","timestamp":"2022-04-23T03:45:25.940Z","transactionId":"6cf842f5-f8c4-4bb5-975d-9f2406e0035e"}
{"level":"info","message":"✅ Express server listening on port http://localhost:3000","timestamp":"2022-04-23T12:31:41.955Z"}
{"level":"info","message":"Example log with transaction context","requestId":"a7ba9611-bcb5-4e54-9666-d76649d4e71f","timestamp":"2022-04-23T12:31:44.166Z","transactionId":"6232a19e-f346-48d8-994b-a4ad9439f12c"}
{"level":"error","message":"Failed to connect to the Mongo database! connect ECONNREFUSED 127.0.0.1:27017","reason":{"compatible":true,"heartbeatFrequencyMS":10000,"localThresholdMS":15,"servers":{},"stale":false,"type":"Unknown"},"stack":"MongoServerSelectionError: connect ECONNREFUSED 127.0.0.1:27017\n    at Timeout._onTimeout (/Users/wesp/code/go/src/github.com/wrporter/games/remix/node_modules/mongodb/src/sdam/topology.ts:606:30)\n    at listOnTimeout (node:internal/timers:557:17)\n    at processTimers (node:internal/timers:500:7)","timestamp":"2022-04-23T12:32:11.612Z"}
{"level":"info","message":"✅ Express server listening on port http://localhost:3000","timestamp":"2022-04-23T12:32:41.334Z"}
{"level":"info","message":"Successfully connected to the Mongo database!","timestamp":"2022-04-23T12:32:41.361Z"}
{"level":"info","message":"Example log with transaction context","requestId":"742c0cfe-346c-4719-940f-d3d57dbf17fd","timestamp":"2022-04-23T12:32:43.044Z","transactionId":"05b99a97-4de7-41f2-b328-e7ad80f66abd"}
{"level":"info","message":"Example log with transaction context","requestId":"ce7a48bc-e5ea-48dc-ab36-f6ae374de5b2","timestamp":"2022-04-23T12:32:44.398Z","transactionId":"0b6ff8b0-077f-494b-b25b-dd6f6d293356"}
{"level":"info","message":"Example log with transaction context","requestId":"9b487ae7-82fb-4ee4-bd83-83d8268ce6eb","timestamp":"2022-04-23T12:32:47.306Z","transactionId":"867930d9-4da1-4fb1-8a34-645a3b69d617"}
{"level":"info","message":"Example log with transaction context","requestId":"48c68b07-c8b4-4111-b4da-c180384c7c3b","timestamp":"2022-04-23T12:32:49.449Z","transactionId":"c37c14ac-d422-4863-967b-22202c6cc0e3"}
{"level":"info","message":"Example log with transaction context","requestId":"badb31c3-656a-4362-beb2-53cd223bb864","timestamp":"2022-04-23T12:33:43.843Z","transactionId":"d55a5447-d50c-4d4d-a272-2033243544bb"}
{"level":"info","message":"✅ Express server listening on port http://localhost:3000","timestamp":"2022-04-23T12:36:44.617Z"}
{"level":"info","message":"Successfully connected to the Mongo database!","timestamp":"2022-04-23T12:36:44.636Z"}
{"level":"info","message":"Example log with transaction context","requestId":"d50fe204-d206-4faf-acb6-d5eb87f12e39","timestamp":"2022-04-23T12:38:55.736Z","transactionId":"69b1e545-086b-49fa-9125-80a6b4dedd43"}
{"level":"info","message":"Example log with transaction context","requestId":"6dd7a28a-03d0-4759-8c86-e33e4e279422","timestamp":"2022-04-23T12:39:21.853Z","transactionId":"e230108b-5ad5-4d38-9536-14e2d80c7932"}
{"level":"info","message":"Example log with transaction context","requestId":"1db0635c-69c9-43a3-ba2b-c3282c28b636","timestamp":"2022-04-23T12:39:42.723Z","transactionId":"6567d4f7-0d5f-42d6-8c02-ced4d43e8472"}
{"level":"info","message":"Example log with transaction context","requestId":"7186ff5a-624e-4c01-8f75-55b60f21ecb2","timestamp":"2022-04-23T12:40:25.263Z","transactionId":"7624d9c9-cdae-42ed-abcc-d49e3c3da7f1"}
{"level":"info","message":"Example log with transaction context","requestId":"08cc9f8a-0184-47a7-b9a9-7ee83398ed50","timestamp":"2022-04-23T12:40:40.526Z","transactionId":"2ca5b738-0ba7-4c4a-a2e6-913335354b76"}
{"level":"info","message":"Example log with transaction context","requestId":"23f05099-c943-426f-8e50-154eba793a38","timestamp":"2022-04-23T12:40:42.704Z","transactionId":"e5e431d7-2591-4782-a2ca-4670fe8deb45"}
{"level":"info","message":"Example log with transaction context","requestId":"1cb33dd3-4318-4153-b5a4-1e932b488e76","timestamp":"2022-04-23T12:40:42.762Z","transactionId":"88c8d325-4b56-42a9-a5df-cc1150b9c4ac"}
{"level":"info","message":"Example log with transaction context","requestId":"d714f7a9-3ab7-4cfb-82f4-1c0c7bb3d37d","timestamp":"2022-04-23T12:40:43.859Z","transactionId":"bbfe1a1a-1d90-4b7f-8214-01fb6ff401c3"}
{"level":"info","message":"Example log with transaction context","requestId":"b1e39206-0e0b-4475-a31e-8377e2ce4f2b","timestamp":"2022-04-23T12:40:47.391Z","transactionId":"12b133d5-72a1-47da-87bd-79008b8c0dd7"}
{"level":"info","message":"Example log with transaction context","requestId":"03ba85ce-e68c-46ba-a813-03aee94c758b","timestamp":"2022-04-23T12:40:53.724Z","transactionId":"deff5e2a-253b-4728-935f-aad80aa6e08b"}
{"level":"info","message":"Example log with transaction context","requestId":"17f3570e-b97e-4f0e-a4b6-a9045d327612","timestamp":"2022-04-23T12:41:00.472Z","transactionId":"ac4024b6-4145-42a2-9a5a-cd087f7f71eb"}
{"level":"info","message":"Example log with transaction context","requestId":"631d19ad-9c74-4e62-b7af-a8a24f037117","timestamp":"2022-04-23T12:41:07.064Z","transactionId":"eeea814d-d65a-45ee-b427-cdd843bb34e8"}
{"level":"info","message":"Example log with transaction context","requestId":"e71e918b-247a-40b4-ab75-d0598e1159d1","timestamp":"2022-04-23T12:41:47.980Z","transactionId":"da1f6bf2-7bd6-4ed8-9ef6-fac3e340a2de"}
{"level":"info","message":"Example log with transaction context","requestId":"13a5b27d-27fd-4ead-845d-c7907cdc8932","timestamp":"2022-04-23T12:41:50.283Z","transactionId":"4c7c16fe-9264-4948-97e5-4d95b697c423"}
